<?xml version="1.0" encoding="UTF-8"?>
<!-- Generated by org.testng.reporters.JUnitReportReporter -->
<testsuite hostname="DESKTOP-AC3HAGA" failures="0" tests="1" name="TestCases.TravelTC" time="52.380" errors="0" timestamp="2022-03-08T17:58:11 GMT" skipped="0">
  <testcase classname="TestCases.TravelTC" name="TravelOnlyFlow" time="52.380"/>
  <system-out/>
</testsuite> <!-- TestCases.TravelTC -->
